<?xml version="1.0" encoding="UTF-8"?>
<!-- Generated by org.testng.reporters.JUnitReportReporter -->
<testsuite hostname="BharatMalepati" failures="0" tests="1" name="com.virtusa.medplus.TestScript.TC_SearchMedicine" time="0.001" errors="0" timestamp="2024-03-19T15:09:48 IST" skipped="1">
  <testcase classname="com.virtusa.medplus.TestScript.TC_SearchMedicine" name="MedSerach" time="0.001">
    <skipped/>
  </testcase> <!-- MedSerach -->
</testsuite> <!-- com.virtusa.medplus.TestScript.TC_SearchMedicine -->
