<?xml version="1.0" encoding="UTF-8"?>
<!-- Generated by org.testng.reporters.JUnitReportReporter -->
<testsuite hostname="BharatMalepati" failures="0" tests="1" name="com.virtusa.medplus.TestScript.TC_Search_Loaction" time="0.000" errors="0" timestamp="2024-03-19T15:09:48 IST" skipped="1">
  <testcase classname="com.virtusa.medplus.TestScript.TC_Search_Loaction" name="SelectingLocation" time="0.000">
    <skipped/>
  </testcase> <!-- SelectingLocation -->
</testsuite> <!-- com.virtusa.medplus.TestScript.TC_Search_Loaction -->
