<?xml version="1.0" encoding="UTF-8"?>
<!-- Generated by org.testng.reporters.JUnitReportReporter -->
<testsuite hostname="BharatMalepati" failures="0" tests="1" name="MobileAutomation.FlipkartHealthAutomation.SearchingLocation" time="0.001" errors="0" timestamp="2024-03-19T11:16:30 IST" skipped="1">
  <testcase classname="MobileAutomation.FlipkartHealthAutomation.SearchingLocation" name="LocationSet" time="0.001">
    <skipped/>
  </testcase> <!-- LocationSet -->
</testsuite> <!-- MobileAutomation.FlipkartHealthAutomation.SearchingLocation -->
